<?xml version="1.0" encoding="UTF-8"?>
<!-- Generated by org.testng.reporters.JUnitXMLReporter -->
<testsuite hostname="HIMU-PC" name="Default test(failed)" tests="1" failures="1" timestamp="2 Sep 2015 18:33:13 GMT" time="35.741" errors="0">
  <testcase name="linktest" time="2.636" classname="datadriven.DatadrivenTesting">
    <failure type="java.lang.NullPointerException">
      <![CDATA[java.lang.NullPointerException
	at datadriven.DatadrivenTesting.linktest(DatadrivenTesting.java:52)
... Removed 24 stack frames]]>
    </failure>
  </testcase> <!-- linktest -->
</testsuite> <!-- Default test(failed) -->
